<?xml version="1.0" encoding="UTF-8"?>
<!-- Generated by org.testng.reporters.JUnitReportReporter -->
<testsuite hostname="Nivashini-Suresh" failures="0" tests="1" name="inventoryTests.AddProductToCartTest" time="19.868" errors="0" timestamp="2025-04-24T09:06:55 IST" skipped="0">
  <testcase classname="inventoryTests.AddProductToCartTest" name="tc_001_AddProductToCartTest" time="19.868"/>
</testsuite> <!-- inventoryTests.AddProductToCartTest -->
