<?xml version="1.0" encoding="UTF-8"?>
<!-- Generated by org.testng.reporters.JUnitReportReporter -->
<testsuite hostname="Nivashini-Suresh" failures="0" tests="2" name="inventoryTests.AddLowestPriceProductToCartTest" time="9.606" errors="0" timestamp="2025-04-24T08:10:26 IST" skipped="0">
  <testcase classname="inventoryTests.AddLowestPriceProductToCartTest" name="addLowestPriceProductTest" time="7.475"/>
  <testcase classname="inventoryTests.AddLowestPriceProductToCartTest" name="smaple" time="2.131"/>
</testsuite> <!-- inventoryTests.AddLowestPriceProductToCartTest -->
